[21:48:54] [INFO] ESP32 ket noi WebSocket [::ffff:10.218.174.5]
[21:48:55] [INFO] Cua da dong
[21:48:57] [INFO] Mo cua boi: Ung dung / Web
[21:48:58] [INFO] Cua da mo boi: Ung dung / Web
[21:49:02] [INFO] Web lenh MO cong gara
[21:49:02] [INFO] Cong gara mo - phat hien boi: Ung dung / Web
[21:49:02] [INFO] Dong cua (da mo boi: Ung dung / Web)
[21:49:04] [INFO] Web lenh DONG cong gara
[21:49:04] [INFO] Cua da dong
[21:49:05] [INFO] Mo cua boi: Ung dung / Web
[21:49:06] [INFO] Cua da mo boi: Ung dung / Web
[21:49:10] [INFO] Cua da dong (da mo boi: Ung dung / Web)
[21:49:10] [INFO] Dong cua
[21:49:57] [INFO] Mo cua boi: Ung dung / Web
[21:49:58] [INFO] Cua da mo boi: Ung dung / Web
[21:50:02] [INFO] Dong cua (da mo boi: Ung dung / Web)
[21:50:02] [INFO] Cua da dong
[21:50:04] [INFO] Mo cua boi: Ung dung / Web
[21:50:04] [INFO] Cua da mo boi: Ung dung / Web
[21:50:09] [INFO] Dong cua (da mo boi: Ung dung / Web)
[21:50:10] [INFO] Cua da dong
[21:51:18] [WARN] ESP32 ngat ket noi WebSocket
[21:51:18] [INFO] ESP32 ket noi WebSocket [::ffff:10.218.174.5]
[21:51:19] [INFO] Mo cua boi: Ung dung / Web
[21:51:21] [INFO] Cua da mo boi: Ung dung / Web
[21:51:25] [INFO] Dong cua (da mo boi: Ung dung / Web)
[21:51:25] [INFO] Cua da dong
[21:52:40] [WARN] ESP32 ngat ket noi WebSocket
[21:53:06] [INFO] ESP32 ket noi WebSocket [::ffff:10.218.174.5]
[21:55:07] [INFO] Mo cua boi: Ung dung / Web
[21:55:09] [INFO] Cua da mo boi: Ung dung / Web
[21:55:16] [INFO] Cua da dong (da mo boi: Ung dung / Web)
[21:55:16] [INFO] Dong cua
[21:56:58] [WARN] ESP32 ngat ket noi WebSocket
[21:57:00] [INFO] ESP32 ket noi WebSocket [::ffff:10.218.174.5]
[21:57:02] [INFO] Mo cua boi: Ung dung / Web
[21:57:04] [INFO] Cua da mo boi: Ung dung / Web
[21:57:07] [INFO] Dong cua (da mo boi: Ung dung / Web)
[21:57:08] [INFO] Cua da dong
[22:04:03] [INFO] ESP32 ket noi WebSocket [::ffff:10.218.174.5]
[22:04:03] [WARN] ESP32 ngat ket noi WebSocket
[22:04:20] [INFO] Mo cua boi: Ung dung / Web
[22:04:22] [INFO] Cua da mo boi: Ung dung / Web
[22:04:25] [INFO] Dong cua (da mo boi: Ung dung / Web)
[22:04:27] [INFO] Cua da dong
[22:09:48] [INFO] ESP32 ket noi WebSocket [::ffff:10.218.174.5]
[22:09:48] [WARN] ESP32 ngat ket noi WebSocket
[22:09:56] [INFO] Web lenh MO cong gara
[22:09:57] [INFO] Cong gara mo - phat hien boi: Ung dung / Web
[22:09:59] [INFO] Web lenh DONG cong gara
[22:10:01] [INFO] Cong gara mo - phat hien boi: ultrasonic
[22:11:33] [INFO] Mo cua boi: Keypad (Mat khau)
[22:11:34] [INFO] Cua da mo boi: Keypad (Mat khau)
[22:11:46] [INFO] Dong cua (da mo boi: Keypad (Mat khau))
[22:11:47] [INFO] Mo cua boi: Ung dung / Web
[22:11:47] [INFO] Cua da mo boi: Ung dung / Web
[22:11:47] [INFO] Dong cua (da mo boi: Ung dung / Web)
[22:11:47] [INFO] Cua da dong
[22:11:47] [INFO] Cua da dong
[22:17:24] [INFO] ESP32 ket noi WebSocket [::ffff:10.218.174.5]
[22:17:25] [INFO] Cua da dong
[22:17:37] [INFO] Mo cua boi: Ung dung / Web
[22:17:40] [INFO] Cua da mo boi: Ung dung / Web
[22:17:44] [INFO] Dong cua (da mo boi: Ung dung / Web)
[22:17:44] [INFO] Cua da dong
[22:19:35] [WARN] ESP32 ngat ket noi WebSocket
[22:19:39] [INFO] ESP32 ket noi WebSocket [::ffff:10.218.174.5]
[22:35:31] [INFO] ESP32 ket noi WebSocket [::ffff:10.218.174.5]
[22:35:31] [INFO] Cua da dong
[22:35:32] [INFO] Cong gara mo - phat hien boi: ultrasonic
[22:35:49] [INFO] Mo cua boi: Ung dung / Web
[22:35:51] [INFO] Cua da mo boi: Ung dung / Web
[22:36:18] [INFO] Web lenh MO cong gara
[22:36:22] [INFO] Cong gara mo - phat hien boi: Ung dung / Web
[22:36:22] [INFO] Dong cua (da mo boi: Ung dung / Web)
[22:36:23] [INFO] Cua da dong
[22:36:30] [INFO] Mo cua boi: Ung dung / Web
[22:36:31] [INFO] Cua da mo boi: Ung dung / Web
[22:37:00] [INFO] Dong cua (da mo boi: Ung dung / Web)
[22:37:01] [INFO] Cua da dong
[22:37:06] [INFO] Mo cua boi: Ung dung / Web
[22:37:07] [INFO] Cua da mo boi: Ung dung / Web
[22:37:11] [INFO] Dong cua (da mo boi: Ung dung / Web)
[22:37:11] [INFO] Cua da dong
[22:37:19] [INFO] Mo cua boi: Ung dung / Web
[22:37:23] [INFO] Cua da mo boi: Ung dung / Web
[22:37:28] [INFO] Dong cua (da mo boi: Ung dung / Web)
[22:37:29] [INFO] Cua da dong
[22:39:57] [INFO] Cong gara mo - phat hien boi: ultrasonic
[22:40:16] [INFO] ESP32 ket noi WebSocket [::ffff:10.218.174.5]
[22:40:16] [WARN] ESP32 ngat ket noi WebSocket
[22:40:17] [INFO] Cong gara mo - phat hien boi: ultrasonic
[22:44:52] [INFO] ESP32 ket noi WebSocket [::ffff:10.218.174.5]
[22:44:52] [WARN] ESP32 ngat ket noi WebSocket
[22:53:03] [INFO] ESP32 ket noi WebSocket [::ffff:10.218.174.5]
[22:53:03] [INFO] Cua da dong
[22:53:13] [INFO] Web lenh MO cong gara
[22:53:14] [INFO] Cong gara mo - phat hien boi: Ung dung / Web
[22:53:17] [INFO] Web lenh DONG cong gara
[22:53:20] [INFO] Mo cua boi: Ung dung / Web
[22:53:21] [INFO] Cua da mo boi: Ung dung / Web
[22:53:50] [INFO] Dong cua (da mo boi: Ung dung / Web)
[22:53:51] [INFO] Cua da dong
[22:58:32] [INFO] ESP32 ket noi WebSocket [::ffff:10.218.174.5]
[22:58:32] [WARN] ESP32 ngat ket noi WebSocket
[22:58:42] [INFO] ESP32 ket noi WebSocket [::ffff:10.218.174.5]
[22:58:43] [INFO] Cua da dong
[22:59:15] [INFO] Mo cua boi: Ung dung / Web
[22:59:15] [INFO] Cua da mo (nguon khong xac dinh)
[22:59:17] [INFO] Cua da dong (da mo boi: Ung dung / Web)
[22:59:17] [INFO] Dong cua
[22:59:37] [INFO] Cong gara mo - phat hien boi: ultrasonic
[23:05:26] [INFO] ESP32 ket noi WebSocket [::ffff:10.218.174.5]
[23:05:26] [INFO] Cua da dong
[23:05:26] [INFO] Cong gara mo - phat hien boi: ultrasonic
[23:06:02] [INFO] Web lenh MO cong gara
[23:06:02] [INFO] Cong gara mo - phat hien boi: Ung dung / Web
[23:06:04] [INFO] Web lenh DONG cong gara
[23:08:08] [INFO] ESP32 ket noi WebSocket [::ffff:10.218.174.5]
[23:08:08] [INFO] Cua da dong
[23:14:10] [WARN] ESP32 ngat ket noi WebSocket
[23:14:14] [INFO] ESP32 ket noi WebSocket [::ffff:10.218.174.5]
[23:16:44] [INFO] ESP32 ket noi WebSocket [::ffff:10.218.174.5]
[23:16:44] [INFO] Cua da dong
[23:35:02] [INFO] ESP32 ket noi WebSocket [::ffff:10.218.174.5]
[23:35:03] [INFO] Cua da dong
[23:35:20] [INFO] Cong gara mo - phat hien boi: ultrasonic
[23:35:54] [WARN] ESP32 ngat ket noi WebSocket
[23:35:59] [INFO] ESP32 ket noi WebSocket [::ffff:10.218.174.5]
[23:36:37] [INFO] Cua da mo (nguon khong xac dinh)
[23:36:37] [INFO] Mo cua boi: Ung dung / Web
[23:37:07] [INFO] Dong cua (da mo boi: Ung dung / Web)
[23:37:07] [INFO] Cua da dong
[23:38:28] [INFO] Web lenh MO cong gara
[23:38:29] [INFO] Cong gara mo - phat hien boi: Ung dung / Web
[23:38:31] [INFO] Web lenh DONG cong gara
[23:38:36] [INFO] Cua da mo (nguon khong xac dinh)
[23:38:36] [INFO] Mo cua boi: Ung dung / Web
[23:38:39] [INFO] Cua da dong (da mo boi: Ung dung / Web)
[23:38:39] [INFO] Dong cua
[23:39:56] [INFO] Cua da mo (nguon khong xac dinh)
[23:39:56] [INFO] Mo cua boi: The tu (RFID)
[23:40:26] [INFO] Cua da dong (da mo boi: The tu (RFID))
[23:40:26] [INFO] Dong cua
